0 info it worked if it ends with ok
1 verbose cli [ '/usr/local/bin/node',
1 verbose cli   '/usr/local/bin/npm',
1 verbose cli   'run',
1 verbose cli   'gh-deploy:first' ]
2 info using npm@3.10.8
3 info using node@v6.9.1
4 verbose run-script [ 'pregh-deploy:first',
4 verbose run-script   'gh-deploy:first',
4 verbose run-script   'postgh-deploy:first' ]
5 info lifecycle yoavsaban.com@0.0.0~pregh-deploy:first: yoavsaban.com@0.0.0
6 silly lifecycle yoavsaban.com@0.0.0~pregh-deploy:first: no script for pregh-deploy:first, continuing
7 info lifecycle yoavsaban.com@0.0.0~gh-deploy:first: yoavsaban.com@0.0.0
8 verbose lifecycle yoavsaban.com@0.0.0~gh-deploy:first: unsafe-perm in lifecycle true
9 verbose lifecycle yoavsaban.com@0.0.0~gh-deploy:first: PATH: /usr/local/lib/node_modules/npm/bin/node-gyp-bin:/Users/imac/Projects/yoavsaban.com/node_modules/.bin:/usr/local/bin:/usr/bin:/bin:/usr/sbin:/sbin
10 verbose lifecycle yoavsaban.com@0.0.0~gh-deploy:first: CWD: /Users/imac/Projects/yoavsaban.com
11 silly lifecycle yoavsaban.com@0.0.0~gh-deploy:first: Args: [ '-c',
11 silly lifecycle   'chmod +x $npm_package_config_deploy_script && $npm_package_config_deploy_script -s' ]
12 silly lifecycle yoavsaban.com@0.0.0~gh-deploy:first: Returned: code: 1  signal: null
13 info lifecycle yoavsaban.com@0.0.0~gh-deploy:first: Failed to exec gh-deploy:first script
14 verbose stack Error: yoavsaban.com@0.0.0 gh-deploy:first: `chmod +x $npm_package_config_deploy_script && $npm_package_config_deploy_script -s`
14 verbose stack Exit status 1
14 verbose stack     at EventEmitter.<anonymous> (/usr/local/lib/node_modules/npm/lib/utils/lifecycle.js:255:16)
14 verbose stack     at emitTwo (events.js:106:13)
14 verbose stack     at EventEmitter.emit (events.js:191:7)
14 verbose stack     at ChildProcess.<anonymous> (/usr/local/lib/node_modules/npm/lib/utils/spawn.js:40:14)
14 verbose stack     at emitTwo (events.js:106:13)
14 verbose stack     at ChildProcess.emit (events.js:191:7)
14 verbose stack     at maybeClose (internal/child_process.js:877:16)
14 verbose stack     at Process.ChildProcess._handle.onexit (internal/child_process.js:226:5)
15 verbose pkgid yoavsaban.com@0.0.0
16 verbose cwd /Users/imac/Projects/yoavsaban.com
17 error Darwin 15.5.0
18 error argv "/usr/local/bin/node" "/usr/local/bin/npm" "run" "gh-deploy:first"
19 error node v6.9.1
20 error npm  v3.10.8
21 error code ELIFECYCLE
22 error yoavsaban.com@0.0.0 gh-deploy:first: `chmod +x $npm_package_config_deploy_script && $npm_package_config_deploy_script -s`
22 error Exit status 1
23 error Failed at the yoavsaban.com@0.0.0 gh-deploy:first script 'chmod +x $npm_package_config_deploy_script && $npm_package_config_deploy_script -s'.
23 error Make sure you have the latest version of node.js and npm installed.
23 error If you do, this is most likely a problem with the yoavsaban.com package,
23 error not with npm itself.
23 error Tell the author that this fails on your system:
23 error     chmod +x $npm_package_config_deploy_script && $npm_package_config_deploy_script -s
23 error You can get information on how to open an issue for this project with:
23 error     npm bugs yoavsaban.com
23 error Or if that isn't available, you can get their info via:
23 error     npm owner ls yoavsaban.com
23 error There is likely additional logging output above.
24 verbose exit [ 1, true ]
